This is pdfTeX, Version 3.1415926-2.5-1.40.14 (TeX Live 2013/Debian) (format=pdflatex 2014.3.19)  24 MAR 2014 03:34
entering extended mode
 restricted \write18 enabled.
 %&-line parsing enabled.
**Rapport_Lustrersmrg.tex
(./Rapport_Lustrersmrg.tex
LaTeX2e <2011/06/27>
Babel <3.9f> and hyphenation patterns for 4 languages loaded.
(/usr/share/texlive/texmf-dist/tex/latex/base/article.cls
Document Class: article 2007/10/19 v1.4h Standard LaTeX document class
(/usr/share/texlive/texmf-dist/tex/latex/base/size12.clo
File: size12.clo 2007/10/19 v1.4h Standard LaTeX file (size option)
)
\c@part=\count79
\c@section=\count80
\c@subsection=\count81
\c@subsubsection=\count82
\c@paragraph=\count83
\c@subparagraph=\count84
\c@figure=\count85
\c@table=\count86
\abovecaptionskip=\skip41
\belowcaptionskip=\skip42
\bibindent=\dimen102
)
(/usr/share/texlive/texmf-dist/tex/latex/base/inputenc.sty
Package: inputenc 2008/03/30 v1.1d Input encoding file
\inpenc@prehook=\toks14
\inpenc@posthook=\toks15

(/usr/share/texlive/texmf-dist/tex/latex/base/utf8.def
File: utf8.def 2008/04/05 v1.1m UTF-8 support for inputenc
Now handling font encoding OML ...
... no UTF-8 mapping file for font encoding OML
Now handling font encoding T1 ...
... processing UTF-8 mapping file for font encoding T1

(/usr/share/texlive/texmf-dist/tex/latex/base/t1enc.dfu
File: t1enc.dfu 2008/04/05 v1.1m UTF-8 support for inputenc
   defining Unicode char U+00A1 (decimal 161)
   defining Unicode char U+00A3 (decimal 163)
   defining Unicode char U+00AB (decimal 171)
   defining Unicode char U+00BB (decimal 187)
   defining Unicode char U+00BF (decimal 191)
   defining Unicode char U+00C0 (decimal 192)
   defining Unicode char U+00C1 (decimal 193)
   defining Unicode char U+00C2 (decimal 194)
   defining Unicode char U+00C3 (decimal 195)
   defining Unicode char U+00C4 (decimal 196)
   defining Unicode char U+00C5 (decimal 197)
   defining Unicode char U+00C6 (decimal 198)
   defining Unicode char U+00C7 (decimal 199)
   defining Unicode char U+00C8 (decimal 200)
   defining Unicode char U+00C9 (decimal 201)
   defining Unicode char U+00CA (decimal 202)
   defining Unicode char U+00CB (decimal 203)
   defining Unicode char U+00CC (decimal 204)
   defining Unicode char U+00CD (decimal 205)
   defining Unicode char U+00CE (decimal 206)
   defining Unicode char U+00CF (decimal 207)
   defining Unicode char U+00D0 (decimal 208)
   defining Unicode char U+00D1 (decimal 209)
   defining Unicode char U+00D2 (decimal 210)
   defining Unicode char U+00D3 (decimal 211)
   defining Unicode char U+00D4 (decimal 212)
   defining Unicode char U+00D5 (decimal 213)
   defining Unicode char U+00D6 (decimal 214)
   defining Unicode char U+00D8 (decimal 216)
   defining Unicode char U+00D9 (decimal 217)
   defining Unicode char U+00DA (decimal 218)
   defining Unicode char U+00DB (decimal 219)
   defining Unicode char U+00DC (decimal 220)
   defining Unicode char U+00DD (decimal 221)
   defining Unicode char U+00DE (decimal 222)
   defining Unicode char U+00DF (decimal 223)
   defining Unicode char U+00E0 (decimal 224)
   defining Unicode char U+00E1 (decimal 225)
   defining Unicode char U+00E2 (decimal 226)
   defining Unicode char U+00E3 (decimal 227)
   defining Unicode char U+00E4 (decimal 228)
   defining Unicode char U+00E5 (decimal 229)
   defining Unicode char U+00E6 (decimal 230)
   defining Unicode char U+00E7 (decimal 231)
   defining Unicode char U+00E8 (decimal 232)
   defining Unicode char U+00E9 (decimal 233)
   defining Unicode char U+00EA (decimal 234)
   defining Unicode char U+00EB (decimal 235)
   defining Unicode char U+00EC (decimal 236)
   defining Unicode char U+00ED (decimal 237)
   defining Unicode char U+00EE (decimal 238)
   defining Unicode char U+00EF (decimal 239)
   defining Unicode char U+00F0 (decimal 240)
   defining Unicode char U+00F1 (decimal 241)
   defining Unicode char U+00F2 (decimal 242)
   defining Unicode char U+00F3 (decimal 243)
   defining Unicode char U+00F4 (decimal 244)
   defining Unicode char U+00F5 (decimal 245)
   defining Unicode char U+00F6 (decimal 246)
   defining Unicode char U+00F8 (decimal 248)
   defining Unicode char U+00F9 (decimal 249)
   defining Unicode char U+00FA (decimal 250)
   defining Unicode char U+00FB (decimal 251)
   defining Unicode char U+00FC (decimal 252)
   defining Unicode char U+00FD (decimal 253)
   defining Unicode char U+00FE (decimal 254)
   defining Unicode char U+00FF (decimal 255)
   defining Unicode char U+0102 (decimal 258)
   defining Unicode char U+0103 (decimal 259)
   defining Unicode char U+0104 (decimal 260)
   defining Unicode char U+0105 (decimal 261)
   defining Unicode char U+0106 (decimal 262)
   defining Unicode char U+0107 (decimal 263)
   defining Unicode char U+010C (decimal 268)
   defining Unicode char U+010D (decimal 269)
   defining Unicode char U+010E (decimal 270)
   defining Unicode char U+010F (decimal 271)
   defining Unicode char U+0110 (decimal 272)
   defining Unicode char U+0111 (decimal 273)
   defining Unicode char U+0118 (decimal 280)
   defining Unicode char U+0119 (decimal 281)
   defining Unicode char U+011A (decimal 282)
   defining Unicode char U+011B (decimal 283)
   defining Unicode char U+011E (decimal 286)
   defining Unicode char U+011F (decimal 287)
   defining Unicode char U+0130 (decimal 304)
   defining Unicode char U+0131 (decimal 305)
   defining Unicode char U+0132 (decimal 306)
   defining Unicode char U+0133 (decimal 307)
   defining Unicode char U+0139 (decimal 313)
   defining Unicode char U+013A (decimal 314)
   defining Unicode char U+013D (decimal 317)
   defining Unicode char U+013E (decimal 318)
   defining Unicode char U+0141 (decimal 321)
   defining Unicode char U+0142 (decimal 322)
   defining Unicode char U+0143 (decimal 323)
   defining Unicode char U+0144 (decimal 324)
   defining Unicode char U+0147 (decimal 327)
   defining Unicode char U+0148 (decimal 328)
   defining Unicode char U+014A (decimal 330)
   defining Unicode char U+014B (decimal 331)
   defining Unicode char U+0150 (decimal 336)
   defining Unicode char U+0151 (decimal 337)
   defining Unicode char U+0152 (decimal 338)
   defining Unicode char U+0153 (decimal 339)
   defining Unicode char U+0154 (decimal 340)
   defining Unicode char U+0155 (decimal 341)
   defining Unicode char U+0158 (decimal 344)
   defining Unicode char U+0159 (decimal 345)
   defining Unicode char U+015A (decimal 346)
   defining Unicode char U+015B (decimal 347)
   defining Unicode char U+015E (decimal 350)
   defining Unicode char U+015F (decimal 351)
   defining Unicode char U+0160 (decimal 352)
   defining Unicode char U+0161 (decimal 353)
   defining Unicode char U+0162 (decimal 354)
   defining Unicode char U+0163 (decimal 355)
   defining Unicode char U+0164 (decimal 356)
   defining Unicode char U+0165 (decimal 357)
   defining Unicode char U+016E (decimal 366)
   defining Unicode char U+016F (decimal 367)
   defining Unicode char U+0170 (decimal 368)
   defining Unicode char U+0171 (decimal 369)
   defining Unicode char U+0178 (decimal 376)
   defining Unicode char U+0179 (decimal 377)
   defining Unicode char U+017A (decimal 378)
   defining Unicode char U+017B (decimal 379)
   defining Unicode char U+017C (decimal 380)
   defining Unicode char U+017D (decimal 381)
   defining Unicode char U+017E (decimal 382)
   defining Unicode char U+200C (decimal 8204)
   defining Unicode char U+2013 (decimal 8211)
   defining Unicode char U+2014 (decimal 8212)
   defining Unicode char U+2018 (decimal 8216)
   defining Unicode char U+2019 (decimal 8217)
   defining Unicode char U+201A (decimal 8218)
   defining Unicode char U+201C (decimal 8220)
   defining Unicode char U+201D (decimal 8221)
   defining Unicode char U+201E (decimal 8222)
   defining Unicode char U+2030 (decimal 8240)
   defining Unicode char U+2031 (decimal 8241)
   defining Unicode char U+2039 (decimal 8249)
   defining Unicode char U+203A (decimal 8250)
   defining Unicode char U+2423 (decimal 9251)
)
Now handling font encoding OT1 ...
... processing UTF-8 mapping file for font encoding OT1

(/usr/share/texlive/texmf-dist/tex/latex/base/ot1enc.dfu
File: ot1enc.dfu 2008/04/05 v1.1m UTF-8 support for inputenc
   defining Unicode char U+00A1 (decimal 161)
   defining Unicode char U+00A3 (decimal 163)
   defining Unicode char U+00B8 (decimal 184)
   defining Unicode char U+00BF (decimal 191)
   defining Unicode char U+00C5 (decimal 197)
   defining Unicode char U+00C6 (decimal 198)
   defining Unicode char U+00D8 (decimal 216)
   defining Unicode char U+00DF (decimal 223)
   defining Unicode char U+00E6 (decimal 230)
   defining Unicode char U+00EC (decimal 236)
   defining Unicode char U+00ED (decimal 237)
   defining Unicode char U+00EE (decimal 238)
   defining Unicode char U+00EF (decimal 239)
   defining Unicode char U+00F8 (decimal 248)
   defining Unicode char U+0131 (decimal 305)
   defining Unicode char U+0141 (decimal 321)
   defining Unicode char U+0142 (decimal 322)
   defining Unicode char U+0152 (decimal 338)
   defining Unicode char U+0153 (decimal 339)
   defining Unicode char U+2013 (decimal 8211)
   defining Unicode char U+2014 (decimal 8212)
   defining Unicode char U+2018 (decimal 8216)
   defining Unicode char U+2019 (decimal 8217)
   defining Unicode char U+201C (decimal 8220)
   defining Unicode char U+201D (decimal 8221)
)
Now handling font encoding OMS ...
... processing UTF-8 mapping file for font encoding OMS

(/usr/share/texlive/texmf-dist/tex/latex/base/omsenc.dfu
File: omsenc.dfu 2008/04/05 v1.1m UTF-8 support for inputenc
   defining Unicode char U+00A7 (decimal 167)
   defining Unicode char U+00B6 (decimal 182)
   defining Unicode char U+00B7 (decimal 183)
   defining Unicode char U+2020 (decimal 8224)
   defining Unicode char U+2021 (decimal 8225)
   defining Unicode char U+2022 (decimal 8226)
)
Now handling font encoding OMX ...
... no UTF-8 mapping file for font encoding OMX
Now handling font encoding U ...
... no UTF-8 mapping file for font encoding U
   defining Unicode char U+00A9 (decimal 169)
   defining Unicode char U+00AA (decimal 170)
   defining Unicode char U+00AE (decimal 174)
   defining Unicode char U+00BA (decimal 186)
   defining Unicode char U+02C6 (decimal 710)
   defining Unicode char U+02DC (decimal 732)
   defining Unicode char U+200C (decimal 8204)
   defining Unicode char U+2026 (decimal 8230)
   defining Unicode char U+2122 (decimal 8482)
   defining Unicode char U+2423 (decimal 9251)
))
(/usr/share/texlive/texmf-dist/tex/latex/base/fontenc.sty
Package: fontenc 2005/09/27 v1.99g Standard LaTeX package

(/usr/share/texlive/texmf-dist/tex/latex/base/t1enc.def
File: t1enc.def 2005/09/27 v1.99g Standard LaTeX file
LaTeX Font Info:    Redeclaring font encoding T1 on input line 43.
))
(/usr/share/texlive/texmf-dist/tex/generic/babel/babel.sty
Package: babel 2013/05/16 v3.9f The Babel package

(/usr/share/texlive/texmf-dist/tex/generic/babel-french/frenchb.ldf
Language: frenchb 2013/07/06 v2.6e French support from the babel system

(/usr/share/texlive/texmf-dist/tex/generic/babel/babel.def
File: babel.def 2013/05/16 v3.9f Babel common definitions
\babel@savecnt=\count87
\U@D=\dimen103
)
\FB@interchartokenstateORI=\count88
Package babel Info: Making : an active character on input line 240.
Package babel Info: Making ; an active character on input line 241.
Package babel Info: Making ! an active character on input line 242.
Package babel Info: Making ? an active character on input line 243.
\FB@Mht=\dimen104
\std@mcc=\count89
\dec@mcc=\count90
\listindentFB=\skip43
\labelwidthFB=\skip44
\leftmarginFB=\skip45
\parindentFFN=\dimen105
))
(/usr/share/texlive/texmf-dist/tex/latex/carlisle/scalefnt.sty)
(/usr/share/texlive/texmf-dist/tex/latex/graphics/keyval.sty
Package: keyval 1999/03/16 v1.13 key=value parser (DPC)
\KV@toks@=\toks16
)
(/usr/share/texlive/texmf-dist/tex/latex/geometry/geometry.sty
Package: geometry 2010/09/12 v5.6 Page Geometry

(/usr/share/texlive/texmf-dist/tex/generic/oberdiek/ifpdf.sty
Package: ifpdf 2011/01/30 v2.3 Provides the ifpdf switch (HO)
Package ifpdf Info: pdfTeX in PDF mode is detected.
)
(/usr/share/texlive/texmf-dist/tex/generic/oberdiek/ifvtex.sty
Package: ifvtex 2010/03/01 v1.5 Detect VTeX and its facilities (HO)
Package ifvtex Info: VTeX not detected.
)
(/usr/share/texlive/texmf-dist/tex/generic/ifxetex/ifxetex.sty
Package: ifxetex 2010/09/12 v0.6 Provides ifxetex conditional
)
\Gm@cnth=\count91
\Gm@cntv=\count92
\c@Gm@tempcnt=\count93
\Gm@bindingoffset=\dimen106
\Gm@wd@mp=\dimen107
\Gm@odd@mp=\dimen108
\Gm@even@mp=\dimen109
\Gm@layoutwidth=\dimen110
\Gm@layoutheight=\dimen111
\Gm@layouthoffset=\dimen112
\Gm@layoutvoffset=\dimen113
\Gm@dimlist=\toks17
)
(/usr/share/texlive/texmf-dist/tex/latex/graphics/graphicx.sty
Package: graphicx 1999/02/16 v1.0f Enhanced LaTeX Graphics (DPC,SPQR)

(/usr/share/texlive/texmf-dist/tex/latex/graphics/graphics.sty
Package: graphics 2009/02/05 v1.0o Standard LaTeX Graphics (DPC,SPQR)

(/usr/share/texlive/texmf-dist/tex/latex/graphics/trig.sty
Package: trig 1999/03/16 v1.09 sin cos tan (DPC)
)
(/usr/share/texlive/texmf-dist/tex/latex/latexconfig/graphics.cfg
File: graphics.cfg 2010/04/23 v1.9 graphics configuration of TeX Live
)
Package graphics Info: Driver file: pdftex.def on input line 91.

(/usr/share/texlive/texmf-dist/tex/latex/pdftex-def/pdftex.def
File: pdftex.def 2011/05/27 v0.06d Graphics/color for pdfTeX

(/usr/share/texlive/texmf-dist/tex/generic/oberdiek/infwarerr.sty
Package: infwarerr 2010/04/08 v1.3 Providing info/warning/error messages (HO)
)
(/usr/share/texlive/texmf-dist/tex/generic/oberdiek/ltxcmds.sty
Package: ltxcmds 2011/11/09 v1.22 LaTeX kernel commands for general use (HO)
)
\Gread@gobject=\count94
))
\Gin@req@height=\dimen114
\Gin@req@width=\dimen115
)
(/usr/share/texlive/texmf-dist/tex/latex/float/float.sty
Package: float 2001/11/08 v1.3d Float enhancements (AL)
\c@float@type=\count95
\float@exts=\toks18
\float@box=\box26
\@float@everytoks=\toks19
\@floatcapt=\box27
)
(/usr/share/texlive/texmf-dist/tex/latex/wrapfig/wrapfig.sty
\wrapoverhang=\dimen116
\WF@size=\dimen117
\c@WF@wrappedlines=\count96
\WF@box=\box28
\WF@everypar=\toks20
Package: wrapfig 2003/01/31  v 3.6
)
(./Rapport_Lustrersmrg.aux

LaTeX Warning: Label `fig:identification' multiply defined.


LaTeX Warning: Label `kernel' multiply defined.

)
\openout1 = `Rapport_Lustrersmrg.aux'.

LaTeX Font Info:    Checking defaults for OML/cmm/m/it on input line 19.
LaTeX Font Info:    ... okay on input line 19.
LaTeX Font Info:    Checking defaults for T1/cmr/m/n on input line 19.
LaTeX Font Info:    ... okay on input line 19.
LaTeX Font Info:    Checking defaults for OT1/cmr/m/n on input line 19.
LaTeX Font Info:    ... okay on input line 19.
LaTeX Font Info:    Checking defaults for OMS/cmsy/m/n on input line 19.
LaTeX Font Info:    ... okay on input line 19.
LaTeX Font Info:    Checking defaults for OMX/cmex/m/n on input line 19.
LaTeX Font Info:    ... okay on input line 19.
LaTeX Font Info:    Checking defaults for U/cmr/m/n on input line 19.
LaTeX Font Info:    ... okay on input line 19.
LaTeX Info: Redefining \degres on input line 19.
LaTeX Info: Redefining \dots on input line 19.
LaTeX Info: Redefining \up on input line 19.

*geometry* driver: auto-detecting
*geometry* detected driver: pdftex
*geometry* verbose mode - [ preamble ] result:
* driver: pdftex
* paper: a4paper
* layout: <same size as paper>
* layoutoffset:(h,v)=(0.0pt,0.0pt)
* modes: 
* h-part:(L,W,R)=(89.62709pt, 418.25368pt, 89.6271pt)
* v-part:(T,H,B)=(101.40665pt, 591.5302pt, 152.11pt)
* \paperwidth=597.50787pt
* \paperheight=845.04684pt
* \textwidth=418.25368pt
* \textheight=591.5302pt
* \oddsidemargin=17.3571pt
* \evensidemargin=17.3571pt
* \topmargin=-7.86334pt
* \headheight=12.0pt
* \headsep=25.0pt
* \topskip=12.0pt
* \footskip=30.0pt
* \marginparwidth=44.0pt
* \marginparsep=10.0pt
* \columnsep=10.0pt
* \skip\footins=10.8pt plus 4.0pt minus 2.0pt
* \hoffset=0.0pt
* \voffset=0.0pt
* \mag=1000
* \@twocolumnfalse
* \@twosidefalse
* \@mparswitchfalse
* \@reversemarginfalse
* (1in=72.27pt=25.4mm, 1cm=28.453pt)

(/usr/share/texlive/texmf-dist/tex/context/base/supp-pdf.mkii
[Loading MPS to PDF converter (version 2006.09.02).]
\scratchcounter=\count97
\scratchdimen=\dimen118
\scratchbox=\box29
\nofMPsegments=\count98
\nofMParguments=\count99
\everyMPshowfont=\toks21
\MPscratchCnt=\count100
\MPscratchDim=\dimen119
\MPnumerator=\count101
\makeMPintoPDFobject=\count102
\everyMPtoPDFconversion=\toks22
) (/usr/share/texlive/texmf-dist/tex/generic/oberdiek/pdftexcmds.sty
Package: pdftexcmds 2011/11/29 v0.20 Utility functions of pdfTeX for LuaTeX (HO
)

(/usr/share/texlive/texmf-dist/tex/generic/oberdiek/ifluatex.sty
Package: ifluatex 2010/03/01 v1.3 Provides the ifluatex switch (HO)
Package ifluatex Info: LuaTeX not detected.
)
Package pdftexcmds Info: LuaTeX not detected.
Package pdftexcmds Info: \pdf@primitive is available.
Package pdftexcmds Info: \pdf@ifprimitive is available.
Package pdftexcmds Info: \pdfdraftmode found.
)
(/usr/share/texlive/texmf-dist/tex/latex/oberdiek/epstopdf-base.sty
Package: epstopdf-base 2010/02/09 v2.5 Base part for package epstopdf

(/usr/share/texlive/texmf-dist/tex/latex/oberdiek/grfext.sty
Package: grfext 2010/08/19 v1.1 Manage graphics extensions (HO)

(/usr/share/texlive/texmf-dist/tex/generic/oberdiek/kvdefinekeys.sty
Package: kvdefinekeys 2011/04/07 v1.3 Define keys (HO)
))
(/usr/share/texlive/texmf-dist/tex/latex/oberdiek/kvoptions.sty
Package: kvoptions 2011/06/30 v3.11 Key value format for package options (HO)

(/usr/share/texlive/texmf-dist/tex/generic/oberdiek/kvsetkeys.sty
Package: kvsetkeys 2012/04/25 v1.16 Key value parser (HO)

(/usr/share/texlive/texmf-dist/tex/generic/oberdiek/etexcmds.sty
Package: etexcmds 2011/02/16 v1.5 Avoid name clashes with e-TeX commands (HO)
Package etexcmds Info: Could not find \expanded.
(etexcmds)             That can mean that you are not using pdfTeX 1.50 or
(etexcmds)             that some package has redefined \expanded.
(etexcmds)             In the latter case, load this package earlier.
)))
Package grfext Info: Graphics extension search list:
(grfext)             [.png,.pdf,.jpg,.mps,.jpeg,.jbig2,.jb2,.PNG,.PDF,.JPG,.JPE
G,.JBIG2,.JB2,.eps]
(grfext)             \AppendGraphicsExtensions on input line 452.

(/usr/share/texlive/texmf-dist/tex/latex/latexconfig/epstopdf-sys.cfg
File: epstopdf-sys.cfg 2010/07/13 v1.3 Configuration of (r)epstopdf for TeX Liv
e
))
LaTeX Font Info:    External font `cmex10' loaded for size
(Font)              <12> on input line 40.
LaTeX Font Info:    External font `cmex10' loaded for size
(Font)              <8> on input line 40.
LaTeX Font Info:    External font `cmex10' loaded for size
(Font)              <6> on input line 40.

[1

{/var/lib/texmf/fonts/map/pdftex/updmap/pdftex.map}]
(./Rapport_Lustrersmrg.toc [1])
\tf@toc=\write3
\openout3 = `Rapport_Lustrersmrg.toc'.

 [2]
Overfull \hbox (3.78134pt too wide) in paragraph at lines 66--67
\T1/cmr/m/n/12 fonc-tionne cor-rec-te-ment. Lorsque l'on dis-pose d'un ré-seau 
consé-quent en n÷uds,
 []

[3]
Underfull \hbox (badness 10000) in paragraph at lines 73--75

 []

LaTeX Font Info:    Try loading font information for T1+cmtt on input line 75.
(/usr/share/texlive/texmf-dist/tex/latex/base/t1cmtt.fd
File: t1cmtt.fd 1999/05/25 v2.5h Standard LaTeX font definitions
)
LaTeX Font Info:    External font `cmex10' loaded for size
(Font)              <7> on input line 114.
LaTeX Font Info:    External font `cmex10' loaded for size
(Font)              <5> on input line 114.
 [4] [5]
Overfull \hbox (44.75826pt too wide) in paragraph at lines 158--158
[]\T1/cmtt/m/n/12 [carapuce][WARNIN] No data was received after 300 seconds, di
sconnecting...[] 
 []


Overfull \hbox (26.23778pt too wide) in paragraph at lines 158--158
[] \T1/cmtt/m/n/12 File "/usr/lib/python2.7/dist-packages/ceph_deploy/util/deco
rators.py",[] 
 []


Overfull \hbox (13.8908pt too wide) in paragraph at lines 158--158
[] \T1/cmtt/m/n/12 File "/usr/lib/python2.7/dist-packages/ceph_deploy/cli.py", 
line 138,[] 
 []


Overfull \hbox (7.7173pt too wide) in paragraph at lines 158--158
[]\T1/cmtt/m/n/12 File "/usr/lib/python2.7/dist-packages/ceph_deploy/mds.py", l
ine 169,[] 
 []


Overfull \hbox (13.8908pt too wide) in paragraph at lines 158--158
[] \T1/cmtt/m/n/12 File "/usr/lib/python2.7/dist-packages/ceph_deploy/mds.py", 
line 157,[] 
 []


Overfull \hbox (7.7173pt too wide) in paragraph at lines 158--158
[] \T1/cmtt/m/n/12 File "/usr/lib/python2.7/dist-packages/ceph_deploy/mds.py", 
line 55,[] 
 []

[6]
Overfull \hbox (5.07246pt too wide) in paragraph at lines 190--191
[]$\OML/cmm/m/it/12 Un dans =home=root=cluster fsid  \OT1/cmr/m/n/12 =  490\OML
/cmm/m/it/12 b\OT1/cmr/m/n/12 1\OML/cmm/m/it/12 d\OT1/cmr/m/n/12 93 \OMS/cmsy/m
/n/12 ^^@ \OML/cmm/m/it/12 f\OT1/cmr/m/n/12 413 \OMS/cmsy/m/n/12 ^^@ \OT1/cmr/m
/n/12 430\OML/cmm/m/it/12 b \OMS/cmsy/m/n/12 ^^@ \OML/cmm/m/it/12 b\OT1/cmr/m/n
/12 5\OML/cmm/m/it/12 d\OT1/cmr/m/n/12 7 \OMS/cmsy/m/n/12 ^^@ \OML/cmm/m/it/12 
d\OT1/cmr/m/n/12 632\OML/cmm/m/it/12 b\OT1/cmr/m/n/12 7556\OML/cmm/m/it/12 f\OT
1/cmr/m/n/12 35$ 
 []


Overfull \hbox (7.3551pt too wide) in paragraph at lines 194--195
[]$\OML/cmm/m/it/12 Un dans =home=ceph=cluster fsid  \OT1/cmr/m/n/12 =  \OML/cm
m/m/it/12 d\OT1/cmr/m/n/12 4\OML/cmm/m/it/12 a\OT1/cmr/m/n/12 63950 \OMS/cmsy/m
/n/12 ^^@ \OML/cmm/m/it/12 a\OT1/cmr/m/n/12 12\OML/cmm/m/it/12 f \OMS/cmsy/m/n/
12 ^^@ \OT1/cmr/m/n/12 4\OML/cmm/m/it/12 e\OT1/cmr/m/n/12 4\OML/cmm/m/it/12 d \
OMS/cmsy/m/n/12 ^^@ \OT1/cmr/m/n/12 983\OML/cmm/m/it/12 b \OMS/cmsy/m/n/12 ^^@ 
\OT1/cmr/m/n/12 57583\OML/cmm/m/it/12 bf\OT1/cmr/m/n/12 09\OML/cmm/m/it/12 bac$
 
 []

[7]
Overfull \hbox (13.8908pt too wide) in paragraph at lines 203--203
[]\T1/cmtt/m/n/12 ceph-deploy purgedata golem rondoudou carapuce behemot porygo
n smogogo[] 
 []


Overfull \hbox (34.01286pt too wide) in paragraph at lines 229--229
 []\T1/cmtt/m/n/12 server 192.168.1.51 # adresse de golem pour le nommé comme s
erveur ntp[] 
 []


Overfull \hbox (21.66588pt too wide) in paragraph at lines 229--229
 []\T1/cmtt/m/n/12 fudge 127.127.1.0 stratum 4 # ajouter l'horloge système comm
e source[] 
 []


Overfull \hbox (15.49239pt too wide) in paragraph at lines 229--229
 []\T1/cmtt/m/n/12 restrict 192.168.1.0 mask 255.255.255.0  nomodify # pour res
tricter[] 
 []

[8] [9]
Overfull \hbox (26.23778pt too wide) in paragraph at lines 311--311
[]       \T1/cmtt/m/n/12 health HEALTH_WARN 192 pgs degraded; 192 pgs stale; 19
2 pgs stuck[] 
 []

[10] <Pictures/placeholder.png, id=57, 320.19624pt x 70.2625pt>
File: Pictures/placeholder.png Graphic file (type png)

<use Pictures/placeholder.png>
Package pdftex.def Info: Pictures/placeholder.png used on input line 340.
(pdftex.def)             Requested size: 209.12683pt x 45.89093pt.
 [11]
Underfull \hbox (badness 10000) in paragraph at lines 346--347

 []


Overfull \hbox (12.10086pt too wide) in paragraph at lines 354--355
[]\T1/cmr/m/n/12 Le ser-veur MDS rend
 []


Overfull \hbox (7.53807pt too wide) in paragraph at lines 355--356
[]\T1/cmr/m/n/12 Le MDT stocke les mé-
 []

[12 <./Pictures/placeholder.png>]
Overfull \hbox (18.96854pt too wide) in paragraph at lines 357--358
[]\T1/cmr/m/n/12 L'OSS four-
 []


Overfull \hbox (14.73206pt too wide) in paragraph at lines 359--360
[]\T1/cmr/m/n/12 L'OST stocke
 []


Overfull \hbox (2.01581pt too wide) in paragraph at lines 361--362
[]\T1/cmr/m/n/12 Le MGS stocke les in-
 []

[13]
Underfull \hbox (badness 10000) in paragraph at lines 370--371

 []


Overfull \hbox (12.94934pt too wide) in paragraph at lines 377--378
[]\T1/cmr/m/n/12 Lustre dé-ploie-ments dans des en-vi-ron-ne-ments de pro-duc-t
ion offrent
 []

[14] <Pictures/scaled_cluster.png, id=73, 902.37125pt x 589.20125pt>
File: Pictures/scaled_cluster.png Graphic file (type png)

<use Pictures/scaled_cluster.png>
Package pdftex.def Info: Pictures/scaled_cluster.png used on input line 401.
(pdftex.def)             Requested size: 418.25368pt x 273.10367pt.

Underfull \hbox (badness 10000) in paragraph at lines 410--411

 []

[15] <Pictures/dataenlustre.png, id=77, 579.16376pt x 500.87125pt>
File: Pictures/dataenlustre.png Graphic file (type png)

<use Pictures/dataenlustre.png>
Package pdftex.def Info: Pictures/dataenlustre.png used on input line 413.
(pdftex.def)             Requested size: 209.12683pt x 180.85612pt.

Underfull \hbox (badness 10000) in paragraph at lines 418--419

 []

[16 <./Pictures/scaled_cluster.png>]
<Pictures/file_write.png, id=82, 450.68375pt x 280.04625pt>
File: Pictures/file_write.png Graphic file (type png)

<use Pictures/file_write.png>
Package pdftex.def Info: Pictures/file_write.png used on input line 423.
(pdftex.def)             Requested size: 250.95476pt x 155.94028pt.
 [17 <./Pictures/dataenlustre.png> <./Pictures/file_write.png>]
Underfull \hbox (badness 10000) in paragraph at lines 431--432

 []

<Pictures/file_striping.png, id=88, 612.2875pt x 327.2225pt>
File: Pictures/file_striping.png Graphic file (type png)

<use Pictures/file_striping.png>
Package pdftex.def Info: Pictures/file_striping.png used on input line 444.
(pdftex.def)             Requested size: 250.95476pt x 134.11714pt.
 [18] [19 <./Pictures/file_striping.png>]
Overfull \hbox (2.74622pt too wide) in paragraph at lines 454--455
\T1/cmr/m/n/12 dans une ar-chi-tec-ture vir-tua-li-sée, mais en uti-li-sant le 
sys-tème d'ex-ploi-ta-tion Ubuntu
 []


Overfull \hbox (26.23778pt too wide) in paragraph at lines 473--473
[]\T1/cmtt/m/n/12 rsmrg@LUT:$cd linux-3.16.6 ; sudo apt-get install debconf-uti
ls dpkg-dev[] 
 []

[20] <Pictures/kernel.png, id=100, 725.71124pt x 434.62375pt>
File: Pictures/kernel.png Graphic file (type png)

<use Pictures/kernel.png>
Package pdftex.def Info: Pictures/kernel.png used on input line 489.
(pdftex.def)             Requested size: 334.60422pt x 200.39357pt.

<Pictures/compilation.png, id=101, 1606.0pt x 903.375pt>
File: Pictures/compilation.png Graphic file (type png)

<use Pictures/compilation.png>
Package pdftex.def Info: Pictures/compilation.png used on input line 501.
(pdftex.def)             Requested size: 334.60422pt x 188.21185pt.
 [21 <./Pictures/kernel.png (PNG copy)>] [22 <./Pictures/compilation.png>] [23]
 [24] [25] [26] [27] [28]
Overfull \hbox (276.68379pt too wide) in paragraph at lines 785--792
[]\T1/cmr/m/n/12 http ://doc.ubuntu-fr.org/tutoriel/compiler_linux http ://wiki
.lustre.org/manual/LustreManual18_HTML/IntroductionToLustre.html
 []


Overfull \hbox (38.76637pt too wide) in paragraph at lines 785--792
\T1/cmr/m/n/12 http ://downloads.whamcloud.com/public/lustre/lustre-2.5.1/el6/c
lient/RPMS/x86_64/
 []


Overfull \hbox (226.62875pt too wide) in paragraph at lines 785--792
\T1/cmr/m/n/12 http ://ocubom.wordpress.com/2008/05/21/estructuras-basicas-de-l
atex/ http ://en.wikipedia.org/wiki/Lustre_(file_system) 
 []

[29] [30] (./Rapport_Lustrersmrg.aux)

LaTeX Warning: There were multiply-defined labels.

 ) 
Here is how much of TeX's memory you used:
 3436 strings out of 495002
 47062 string characters out of 6180262
 116438 words of memory out of 5000000
 6580 multiletter control sequences out of 15000+600000
 19162 words of font info for 41 fonts, out of 8000000 for 9000
 14 hyphenation exceptions out of 8191
 37i,5n,23p,896b,325s stack positions out of 5000i,500n,10000p,200000b,80000s
 </home/croustibot/.texmf-var/fonts/pk/ljfour/jknappen/ec/eccc1200.600pk> </h
ome/croustibot/.texmf-var/fonts/pk/ljfour/jknappen/ec/ectt1200.600pk> </home/cr
oustibot/.texmf-var/fonts/pk/ljfour/jknappen/ec/ecrm1000.600pk> </home/croustib
ot/.texmf-var/fonts/pk/ljfour/jknappen/ec/ecbi1200.600pk> </home/croustibot/.te
xmf-var/fonts/pk/ljfour/jknappen/ec/ecti1200.600pk> </home/croustibot/.texmf-va
r/fonts/pk/ljfour/jknappen/ec/ecrm0800.600pk> </home/croustibot/.texmf-var/font
s/pk/ljfour/jknappen/ec/ecbx1440.600pk> </home/croustibot/.texmf-var/fonts/pk/l
jfour/jknappen/ec/ecrm1200.600pk> </home/croustibot/.texmf-var/fonts/pk/ljfour/
jknappen/ec/ecbx1200.600pk> </home/croustibot/.texmf-var/fonts/pk/ljfour/jknapp
en/ec/ecbx1728.600pk> </home/croustibot/.texmf-var/fonts/pk/ljfour/jknappen/ec/
ecrm1440.600pk> </home/croustibot/.texmf-var/fonts/pk/ljfour/jknappen/ec/ecti14
40.600pk> </home/croustibot/.texmf-var/fonts/pk/ljfour/jknappen/ec/ecbx2488.600
pk> </home/croustibot/.texmf-var/fonts/pk/ljfour/jknappen/ec/eccc1440.600pk> </
home/croustibot/.texmf-var/fonts/pk/ljfour/jknappen/ec/eccc1728.600pk> </home/c
roustibot/.texmf-var/fonts/pk/ljfour/jknappen/ec/eccc2074.600pk></usr/share/tex
live/texmf-dist/fonts/type1/public/amsfonts/cm/cmmi12.pfb></usr/share/texlive/t
exmf-dist/fonts/type1/public/amsfonts/cm/cmr10.pfb></usr/share/texlive/texmf-di
st/fonts/type1/public/amsfonts/cm/cmr12.pfb></usr/share/texlive/texmf-dist/font
s/type1/public/amsfonts/cm/cmr7.pfb></usr/share/texlive/texmf-dist/fonts/type1/
public/amsfonts/cm/cmr8.pfb></usr/share/texlive/texmf-dist/fonts/type1/public/a
msfonts/cm/cmsy10.pfb>
Output written on Rapport_Lustrersmrg.pdf (31 pages, 517803 bytes).
PDF statistics:
 767 PDF objects out of 1000 (max. 8388607)
 153 compressed objects within 2 object streams
 0 named destinations out of 1000 (max. 500000)
 36 words of extra memory for PDF output out of 10000 (max. 10000000)

